c:\russia skeet\cs2menu\x64\release\vc143.pdb
c:\russia skeet\cs2menu\x64\release\imgui_impl_win32.obj
c:\russia skeet\cs2menu\x64\release\imgui_impl_dx11.obj
c:\russia skeet\cs2menu\x64\release\imgui_demo.obj
c:\russia skeet\cs2menu\x64\release\imgui_widgets.obj
c:\russia skeet\cs2menu\x64\release\imgui_tables.obj
c:\russia skeet\cs2menu\x64\release\imgui_draw.obj
c:\russia skeet\cs2menu\x64\release\imgui.obj
c:\russia skeet\cs2menu\x64\release\dllmain.obj
c:\russia skeet\cs2menu\x64\release\phantomhack.dll
c:\russia skeet\cs2menu\x64\release\phantomhack.ipdb
c:\russia skeet\cs2menu\x64\release\phantomhack.iobj
c:\russia skeet\cs2menu\x64\release\cs2menu.tlog\cl.command.1.tlog
c:\russia skeet\cs2menu\x64\release\cs2menu.tlog\cl.items.tlog
c:\russia skeet\cs2menu\x64\release\cs2menu.tlog\cl.read.1.tlog
c:\russia skeet\cs2menu\x64\release\cs2menu.tlog\cl.write.1.tlog
c:\russia skeet\cs2menu\x64\release\cs2menu.tlog\link.command.1.tlog
c:\russia skeet\cs2menu\x64\release\cs2menu.tlog\link.read.1.tlog
c:\russia skeet\cs2menu\x64\release\cs2menu.tlog\link.secondary.1.tlog
c:\russia skeet\cs2menu\x64\release\cs2menu.tlog\link.write.1.tlog
